2022-06-21 15:24:32,785  INFO [main] CucumberRunner:227 - <---------------------------------Login Using NID and Mobile No.-------------------------------->
2022-06-21 15:24:36,002  INFO [main] CucumberRunner:233 - Browser opened sucessfully
2022-06-21 15:24:48,597  INFO [main] CucumberRunner:242 - User in home page
2022-06-21 15:24:53,860  INFO [main] CucumberRunner:251 - Clicked on login!
2022-06-21 15:24:56,026  INFO [main] CucumberRunner:258 - Clicked on login inside the frame!
2022-06-21 15:25:01,258  INFO [main] CucumberRunner:265 - User moved to National Id and Mobile Number login!
2022-06-21 15:25:02,460  INFO [main] CucumberRunner:274 - User entered the nationalid as 2206104107
2022-06-21 15:25:03,694  INFO [main] CucumberRunner:284 - User entered the nationalid as 533862687
2022-06-21 15:25:03,695  INFO [main] CucumberRunner:290 - yet to click login!
2022-06-21 15:25:06,861  INFO [main] CucumberRunner:293 - Clicked login!
2022-06-21 15:25:06,862  INFO [main] CucumberRunner:300 - in loop OTP_0
2022-06-21 15:25:13,973  INFO [main] CucumberRunner:303 - User entered the static otp_0 text block as : 1
2022-06-21 15:25:13,974  INFO [main] CucumberRunner:311 - in loop OTP_1
2022-06-21 15:25:15,076  INFO [main] CucumberRunner:314 - User entered the static otp_1 text block as : 1
2022-06-21 15:25:15,078  INFO [main] CucumberRunner:322 - in loop OTP_2
2022-06-21 15:25:16,169  INFO [main] CucumberRunner:325 - User entered the static otp_2 text block as : 1
2022-06-21 15:25:16,170  INFO [main] CucumberRunner:333 - in loop OTP_3
2022-06-21 15:25:17,265  INFO [main] CucumberRunner:336 - User entered the static otp_3 text block as : 1
2022-06-21 15:25:20,393  INFO [main] CucumberRunner:344 - User clicked on the Submit button
2022-06-21 15:25:35,405  INFO [main] CucumberRunner:346 - Waiting for logged in user profile screen!
2022-06-21 15:25:37,414  INFO [main] CucumberRunner:348 - Successfully logged in with username and password!
2022-06-21 15:25:40,167  INFO [main] CucumberRunner:181 - Browser opened sucessfully
2022-06-21 15:25:47,549  INFO [main] CucumberRunner:193 - User in home page
2022-06-21 15:25:50,716  INFO [main] CucumberRunner:202 - Clicked on login!
2022-06-21 15:25:52,846  INFO [main] CucumberRunner:209 - Clicked on login inside the frame!
2022-06-21 15:25:55,992  INFO [main] CucumberRunner:219 - User entered the username as Shaik
2022-06-21 15:25:59,149  INFO [main] CucumberRunner:229 - User entered the password as Test123456
2022-06-21 15:26:02,297  INFO [main] CucumberRunner:243 - in loop OTP0
2022-06-21 15:26:09,394  INFO [main] CucumberRunner:246 - User entered the static otp_0 text block as : 1
2022-06-21 15:26:09,396  INFO [main] CucumberRunner:254 - in loop OTP1
2022-06-21 15:26:09,489  INFO [main] CucumberRunner:256 - User entered the static otp_1 text block as : 1
2022-06-21 15:26:09,490  INFO [main] CucumberRunner:264 - in loop OTP2
2022-06-21 15:26:09,566  INFO [main] CucumberRunner:266 - User entered the static otp2 text block as : 1
2022-06-21 15:26:09,567  INFO [main] CucumberRunner:274 - in loop OTP3
2022-06-21 15:26:09,640  INFO [main] CucumberRunner:276 - User entered the static otp_3 text block as : 1
2022-06-21 15:26:12,771  INFO [main] CucumberRunner:284 - User clicked on the Submit button
2022-06-21 15:26:27,773  INFO [main] CucumberRunner:286 - Waiting for logged in user profile screen!
2022-06-21 15:28:12,775  INFO [main] CucumberRunner:288 - Successfully logged in with username and password!
2022-06-21 15:28:12,787  INFO [main] CucumberRunner:25 - <---------------------------------Dashboard Verification-------------------------------->
2022-06-21 15:28:16,847  INFO [main] CucumberRunner:29 - Verified Header at dashboard
2022-06-21 15:28:19,935  INFO [main] CucumberRunner:37 - Verified AllPolicies at dashboard
2022-06-21 15:28:22,988  INFO [main] CucumberRunner:44 - Verified MotorPolicy at dashboard
2022-06-21 15:28:25,511  INFO [main] CucumberRunner:181 - Browser opened sucessfully
2022-06-21 15:28:42,215  INFO [main] CucumberRunner:193 - User in home page
2022-06-21 15:28:45,469  INFO [main] CucumberRunner:202 - Clicked on login!
2022-06-21 15:28:47,681  INFO [main] CucumberRunner:209 - Clicked on login inside the frame!
2022-06-21 15:28:50,824  INFO [main] CucumberRunner:219 - User entered the username as Shaik
2022-06-21 15:28:54,031  INFO [main] CucumberRunner:229 - User entered the password as Test123456
2022-06-21 15:28:57,239  INFO [main] CucumberRunner:243 - in loop OTP0
2022-06-21 15:29:04,346  INFO [main] CucumberRunner:246 - User entered the static otp_0 text block as : 1
2022-06-21 15:29:04,347  INFO [main] CucumberRunner:254 - in loop OTP1
2022-06-21 15:29:04,442  INFO [main] CucumberRunner:256 - User entered the static otp_1 text block as : 1
2022-06-21 15:29:04,443  INFO [main] CucumberRunner:264 - in loop OTP2
2022-06-21 15:29:04,540  INFO [main] CucumberRunner:266 - User entered the static otp2 text block as : 1
2022-06-21 15:29:04,541  INFO [main] CucumberRunner:274 - in loop OTP3
2022-06-21 15:29:04,623  INFO [main] CucumberRunner:276 - User entered the static otp_3 text block as : 1
2022-06-21 15:29:07,737  INFO [main] CucumberRunner:284 - User clicked on the Submit button
2022-06-21 15:29:22,739  INFO [main] CucumberRunner:286 - Waiting for logged in user profile screen!
2022-06-21 15:31:07,739  INFO [main] CucumberRunner:288 - Successfully logged in with username and password!
2022-06-21 15:31:14,009  INFO [main] CucumberRunner:29 - Clicked the 3 dots
2022-06-21 15:31:19,171  INFO [main] CucumberRunner:36 - Clicked Download Policy Certificate in EN
2022-06-21 15:31:22,173  INFO [main] CucumberRunner:38 - Policy Downloaded successfully
2022-06-21 15:31:24,962  INFO [main] CucumberRunner:181 - Browser opened sucessfully
2022-06-21 15:31:39,172  INFO [main] CucumberRunner:193 - User in home page
2022-06-21 15:31:42,340  INFO [main] CucumberRunner:202 - Clicked on login!
2022-06-21 15:31:44,547  INFO [main] CucumberRunner:209 - Clicked on login inside the frame!
2022-06-21 15:31:47,712  INFO [main] CucumberRunner:219 - User entered the username as Shaik
2022-06-21 15:31:50,950  INFO [main] CucumberRunner:229 - User entered the password as Test123456
2022-06-21 15:31:54,203  INFO [main] CucumberRunner:243 - in loop OTP0
2022-06-21 15:32:01,364  INFO [main] CucumberRunner:246 - User entered the static otp_0 text block as : 1
2022-06-21 15:32:01,366  INFO [main] CucumberRunner:254 - in loop OTP1
2022-06-21 15:32:01,519  INFO [main] CucumberRunner:256 - User entered the static otp_1 text block as : 1
2022-06-21 15:32:01,521  INFO [main] CucumberRunner:264 - in loop OTP2
2022-06-21 15:32:01,641  INFO [main] CucumberRunner:266 - User entered the static otp2 text block as : 1
2022-06-21 15:32:01,642  INFO [main] CucumberRunner:274 - in loop OTP3
2022-06-21 15:32:01,752  INFO [main] CucumberRunner:276 - User entered the static otp_3 text block as : 1
2022-06-21 15:32:04,894  INFO [main] CucumberRunner:284 - User clicked on the Submit button
2022-06-21 15:32:19,895  INFO [main] CucumberRunner:286 - Waiting for logged in user profile screen!
2022-06-21 15:34:04,896  INFO [main] CucumberRunner:288 - Successfully logged in with username and password!
2022-06-21 15:34:11,069  INFO [main] CucumberRunner:29 - Clicked the 3 dots
2022-06-21 15:34:16,257  INFO [main] CucumberRunner:36 - Clicked Download Ecard
2022-06-21 15:34:29,353  INFO [main] CucumberRunner:44 - Clicked Download Ecard as Pdf
2022-06-21 15:34:39,356  INFO [main] CucumberRunner:46 - Ecard Downloaded successfully in PDF format
2022-06-21 15:34:42,282  INFO [main] CucumberRunner:181 - Browser opened sucessfully
2022-06-21 15:35:01,039  INFO [main] CucumberRunner:193 - User in home page
2022-06-21 15:35:04,212  INFO [main] CucumberRunner:202 - Clicked on login!
2022-06-21 15:35:06,389  INFO [main] CucumberRunner:209 - Clicked on login inside the frame!
2022-06-21 15:35:09,569  INFO [main] CucumberRunner:219 - User entered the username as Shaik
2022-06-21 15:35:12,805  INFO [main] CucumberRunner:229 - User entered the password as Test123456
2022-06-21 15:35:16,046  INFO [main] CucumberRunner:243 - in loop OTP0
2022-06-21 15:35:23,153  INFO [main] CucumberRunner:246 - User entered the static otp_0 text block as : 1
2022-06-21 15:35:23,154  INFO [main] CucumberRunner:254 - in loop OTP1
2022-06-21 15:35:23,248  INFO [main] CucumberRunner:256 - User entered the static otp_1 text block as : 1
2022-06-21 15:35:23,248  INFO [main] CucumberRunner:264 - in loop OTP2
2022-06-21 15:35:23,353  INFO [main] CucumberRunner:266 - User entered the static otp2 text block as : 1
2022-06-21 15:35:23,354  INFO [main] CucumberRunner:274 - in loop OTP3
2022-06-21 15:35:23,448  INFO [main] CucumberRunner:276 - User entered the static otp_3 text block as : 1
2022-06-21 15:35:26,625  INFO [main] CucumberRunner:284 - User clicked on the Submit button
2022-06-21 15:35:41,626  INFO [main] CucumberRunner:286 - Waiting for logged in user profile screen!
2022-06-21 15:37:26,627  INFO [main] CucumberRunner:288 - Successfully logged in with username and password!
2022-06-21 15:37:26,636  INFO [main] CucumberRunner:33 - <---------------------------------Verify My Profile-------------------------------->
2022-06-21 15:37:29,903  INFO [main] CucumberRunner:37 - Clicked on my profile
2022-06-21 15:37:33,963  INFO [main] CucumberRunner:45 - Verified profile text
2022-06-21 15:37:52,037  INFO [main] CucumberRunner:52 - Clicked on contact isnformation
2022-06-21 15:37:54,614  INFO [main] CucumberRunner:181 - Browser opened sucessfully
2022-06-21 15:38:07,369  INFO [main] CucumberRunner:193 - User in home page
2022-06-21 15:38:10,548  INFO [main] CucumberRunner:202 - Clicked on login!
2022-06-21 15:38:12,836  INFO [main] CucumberRunner:209 - Clicked on login inside the frame!
2022-06-21 15:38:16,008  INFO [main] CucumberRunner:219 - User entered the username as Shaik
2022-06-21 15:38:19,205  INFO [main] CucumberRunner:229 - User entered the password as Test123456
2022-06-21 15:38:22,355  INFO [main] CucumberRunner:243 - in loop OTP0
2022-06-21 15:38:29,474  INFO [main] CucumberRunner:246 - User entered the static otp_0 text block as : 1
2022-06-21 15:38:29,475  INFO [main] CucumberRunner:254 - in loop OTP1
2022-06-21 15:38:29,573  INFO [main] CucumberRunner:256 - User entered the static otp_1 text block as : 1
2022-06-21 15:38:29,574  INFO [main] CucumberRunner:264 - in loop OTP2
2022-06-21 15:38:29,666  INFO [main] CucumberRunner:266 - User entered the static otp2 text block as : 1
2022-06-21 15:38:29,667  INFO [main] CucumberRunner:274 - in loop OTP3
2022-06-21 15:38:29,759  INFO [main] CucumberRunner:276 - User entered the static otp_3 text block as : 1
2022-06-21 15:38:32,902  INFO [main] CucumberRunner:284 - User clicked on the Submit button
2022-06-21 15:38:47,904  INFO [main] CucumberRunner:286 - Waiting for logged in user profile screen!
2022-06-21 15:40:32,905  INFO [main] CucumberRunner:288 - Successfully logged in with username and password!
2022-06-21 15:40:32,923  INFO [main] CucumberRunner:36 - <---------------------------------Update Mobile No. and Email Id-------------------------------->
2022-06-21 15:40:36,124  INFO [main] CucumberRunner:40 - Clicked on my profile
2022-06-21 15:40:54,210  INFO [main] CucumberRunner:49 - Clicked on Contact Info.
2022-06-21 15:41:00,281  INFO [main] CucumberRunner:57 - Clicked on UpdateMobileNumber
2022-06-21 15:41:04,379  INFO [main] CucumberRunner:64 - Cleared old mobile number
2022-06-21 15:41:13,542  INFO [main] CucumberRunner:73 - Entered mobile number
2022-06-21 15:41:16,802  INFO [main] CucumberRunner:81 - Clicked on Verify
2022-06-21 15:41:16,805  INFO [main] CucumberRunner:88 - in loop OTP_0
2022-06-21 15:41:19,925  INFO [main] CucumberRunner:91 - User entered the static otp_0 text block as : 1
2022-06-21 15:41:19,927  INFO [main] CucumberRunner:99 - in loop OTP_1
2022-06-21 15:41:21,016  INFO [main] CucumberRunner:102 - User entered the static otp_1 text block as : 1
2022-06-21 15:41:21,017  INFO [main] CucumberRunner:110 - in loop OTP_2
2022-06-21 15:41:22,136  INFO [main] CucumberRunner:113 - User entered the static otp_2 text block as : 1
2022-06-21 15:41:22,137  INFO [main] CucumberRunner:121 - in loop OTP_3
2022-06-21 15:41:23,212  INFO [main] CucumberRunner:124 - User entered the static otp_3 text block as : 1
2022-06-21 15:41:26,341  INFO [main] CucumberRunner:132 - Waiting for logged in user profile screen!
2022-06-21 15:41:43,777  INFO [main] CucumberRunner:181 - Browser opened sucessfully
2022-06-21 15:42:17,335  INFO [main] CucumberRunner:193 - User in home page
2022-06-21 15:42:20,492  INFO [main] CucumberRunner:202 - Clicked on login!
2022-06-21 15:42:22,641  INFO [main] CucumberRunner:209 - Clicked on login inside the frame!
2022-06-21 15:42:25,876  INFO [main] CucumberRunner:219 - User entered the username as Shaik
2022-06-21 15:42:29,035  INFO [main] CucumberRunner:229 - User entered the password as Test123456
2022-06-21 15:42:32,217  INFO [main] CucumberRunner:243 - in loop OTP0
2022-06-21 15:42:39,298  INFO [main] CucumberRunner:246 - User entered the static otp_0 text block as : 1
2022-06-21 15:42:39,298  INFO [main] CucumberRunner:254 - in loop OTP1
2022-06-21 15:42:39,380  INFO [main] CucumberRunner:256 - User entered the static otp_1 text block as : 1
2022-06-21 15:42:39,381  INFO [main] CucumberRunner:264 - in loop OTP2
2022-06-21 15:42:39,453  INFO [main] CucumberRunner:266 - User entered the static otp2 text block as : 1
2022-06-21 15:42:39,453  INFO [main] CucumberRunner:274 - in loop OTP3
2022-06-21 15:42:39,528  INFO [main] CucumberRunner:276 - User entered the static otp_3 text block as : 1
2022-06-21 15:42:42,673  INFO [main] CucumberRunner:284 - User clicked on the Submit button
2022-06-21 15:42:57,675  INFO [main] CucumberRunner:286 - Waiting for logged in user profile screen!
2022-06-21 15:44:42,678  INFO [main] CucumberRunner:288 - Successfully logged in with username and password!
2022-06-21 15:44:42,685  INFO [main] CucumberRunner:36 - <---------------------------------Motor Logged Custom No. Flow-------------------------------->
2022-06-21 15:44:42,686  INFO [main] CucumberRunner:38 - About to click dropdown!
2022-06-21 15:45:43,018  INFO [main] CucumberRunner:41 - Clicked on dropdown of Our Products
2022-06-21 15:46:48,708  INFO [main] CucumberRunner:33 - <---------------------------------Motor Guest Custom No. Flow-------------------------------->
2022-06-21 15:46:50,879  INFO [main] CucumberRunner:39 - Browser opened sucessfully motor guest flow
2022-06-21 15:47:01,110  INFO [main] CucumberRunner:47 - User in home page for motor guest flow
2022-06-21 15:47:09,305  INFO [main] CucumberRunner:56 - User clicked on the product motor
2022-06-21 15:47:09,306  INFO [main] CucumberRunner:62 - User redirecting to the product page
2022-06-21 15:47:12,369  INFO [main] CucumberRunner:65 - Verified the header Motor insurance policies from Al Rajhi Takaful at dashboard
2022-06-21 15:47:17,490  INFO [main] CucumberRunner:72 - selected the purpose of insurance as Custom Number
2022-06-21 15:47:18,691  INFO [main] CucumberRunner:79 - Entered the NID as 2406132841
2022-06-21 15:47:19,895  INFO [main] CucumberRunner:86 - Entered the DOB as 25-05-1989
2022-06-21 15:47:21,080  INFO [main] CucumberRunner:93 - Entered the  Mobile No. as 555555555
2022-06-21 15:47:22,445  INFO [main] CucumberRunner:100 - Entered the Email as madhavi.bisen@alrajhitakaful.com
2022-06-21 15:47:24,628  INFO [main] CucumberRunner:107 - Entered the Custom No. as 1020364518
2022-06-21 15:47:25,888  INFO [main] CucumberRunner:115 - Entered the vehicle production year as 2021
2022-06-21 15:47:25,889  INFO [main] CucumberRunner:116 - Fetching the Vehicle details...
2022-06-21 15:47:49,077  INFO [main] CucumberRunner:125 - User selected the checkbox
2022-06-21 15:47:52,352  INFO [main] CucumberRunner:128 - and clicked on the Get a Quote button
2022-06-21 15:48:07,367  INFO [main] CucumberRunner:135 - Redirecting to the Premium Page
2022-06-21 15:49:22,896  INFO [main] CucumberRunner:356 - Report gets generated
2022-06-21 15:49:50,861  INFO [main] CucumberRunner:19 - Report is sent sucessfully to email
2022-06-21 15:49:51,243  INFO [main] CucumberRunner:356 - Report gets generated
