2022-06-21 16:13:13,159  INFO [main] CucumberRunner:227 - <---------------------------------Login Using NID and Mobile No.-------------------------------->
2022-06-21 16:13:14,825  INFO [main] CucumberRunner:233 - Browser opened sucessfully
2022-06-21 16:13:32,277  INFO [main] CucumberRunner:242 - User in home page
2022-06-21 16:13:37,452  INFO [main] CucumberRunner:251 - Clicked on login!
2022-06-21 16:13:39,558  INFO [main] CucumberRunner:258 - Clicked on login inside the frame!
2022-06-21 16:13:44,688  INFO [main] CucumberRunner:265 - User moved to National Id and Mobile Number login!
2022-06-21 16:13:45,865  INFO [main] CucumberRunner:274 - User entered the nationalid as 2206104107
2022-06-21 16:13:46,975  INFO [main] CucumberRunner:284 - User entered the nationalid as 533862687
2022-06-21 16:13:46,977  INFO [main] CucumberRunner:290 - yet to click login!
2022-06-21 16:13:50,090  INFO [main] CucumberRunner:293 - Clicked login!
2022-06-21 16:13:50,091  INFO [main] CucumberRunner:300 - in loop OTP_0
2022-06-21 16:13:57,185  INFO [main] CucumberRunner:303 - User entered the static otp_0 text block as : 1
2022-06-21 16:13:57,186  INFO [main] CucumberRunner:311 - in loop OTP_1
2022-06-21 16:13:58,274  INFO [main] CucumberRunner:314 - User entered the static otp_1 text block as : 1
2022-06-21 16:13:58,275  INFO [main] CucumberRunner:322 - in loop OTP_2
2022-06-21 16:13:59,370  INFO [main] CucumberRunner:325 - User entered the static otp_2 text block as : 1
2022-06-21 16:13:59,371  INFO [main] CucumberRunner:333 - in loop OTP_3
2022-06-21 16:14:00,450  INFO [main] CucumberRunner:336 - User entered the static otp_3 text block as : 1
2022-06-21 16:14:03,591  INFO [main] CucumberRunner:344 - User clicked on the Submit button
2022-06-21 16:14:13,593  INFO [main] CucumberRunner:346 - Waiting for logged in user profile screen!
2022-06-21 16:14:15,600  INFO [main] CucumberRunner:348 - Successfully logged in with username and password!
2022-06-21 16:14:16,263  INFO [main] CucumberRunner:355 - Report gets generated
