2022-06-21 16:06:59,026  INFO [main] CucumberRunner:227 - <---------------------------------Login Using NID and Mobile No.-------------------------------->
2022-06-21 16:07:00,663  INFO [main] CucumberRunner:233 - Browser opened sucessfully
2022-06-21 16:07:21,326  INFO [main] CucumberRunner:242 - User in home page
2022-06-21 16:07:26,486  INFO [main] CucumberRunner:251 - Clicked on login!
2022-06-21 16:07:28,644  INFO [main] CucumberRunner:258 - Clicked on login inside the frame!
2022-06-21 16:07:33,798  INFO [main] CucumberRunner:265 - User moved to National Id and Mobile Number login!
2022-06-21 16:07:34,944  INFO [main] CucumberRunner:274 - User entered the nationalid as 2206104107
2022-06-21 16:07:36,051  INFO [main] CucumberRunner:284 - User entered the nationalid as 533862687
2022-06-21 16:07:36,052  INFO [main] CucumberRunner:290 - yet to click login!
2022-06-21 16:07:39,174  INFO [main] CucumberRunner:293 - Clicked login!
2022-06-21 16:07:39,174  INFO [main] CucumberRunner:300 - in loop OTP_0
2022-06-21 16:07:46,299  INFO [main] CucumberRunner:303 - User entered the static otp_0 text block as : 1
2022-06-21 16:07:46,300  INFO [main] CucumberRunner:311 - in loop OTP_1
2022-06-21 16:07:47,396  INFO [main] CucumberRunner:314 - User entered the static otp_1 text block as : 1
2022-06-21 16:07:47,396  INFO [main] CucumberRunner:322 - in loop OTP_2
2022-06-21 16:07:48,505  INFO [main] CucumberRunner:325 - User entered the static otp_2 text block as : 1
2022-06-21 16:07:48,509  INFO [main] CucumberRunner:333 - in loop OTP_3
2022-06-21 16:07:49,574  INFO [main] CucumberRunner:336 - User entered the static otp_3 text block as : 1
2022-06-21 16:07:52,681  INFO [main] CucumberRunner:344 - User clicked on the Submit button
2022-06-21 16:08:02,685  INFO [main] CucumberRunner:346 - Waiting for logged in user profile screen!
2022-06-21 16:08:04,690  INFO [main] CucumberRunner:348 - Successfully logged in with username and password!
